C:\Program Files\Microsoft Visual Studio\2022\Community\MSBuild\Microsoft\VC\v170\Microsoft.CppBuild.targets(531,5): warning MSB8028: Katalog pośredni (Debug\) zawiera pliki udostępnione z innego projektu (grk-cw3.vcxproj, grk-cw4.vcxproj, grk-cw5.vcxproj, grk-cw6.vcxproj). Może to spowodować niepoprawne zachowanie podczas oczyszczania i ponownej kompilacji.
  main.cpp
C:\Program Files (x86)\Windows Kits\10\Include\10.0.22621.0\shared\minwindef.h(130,9): warning C4005: "APIENTRY": ponowna definicja makra
  (kompilowanie pliku źródłowego „src/main.cpp”)
      C:\Users\erazer\Desktop\Project Grafika\grk\dependencies\glfw-3.3.8.bin.WIN32\include\GLFW\glfw3.h(123,11):
      zobacz poprzednią definicję „APIENTRY”
  
C:\Users\erazer\Desktop\Project Grafika\grk\cw 8\src\project.hpp(60,20): warning C4305: "inicjowanie": obcięcie z "double" do "float"
  (kompilowanie pliku źródłowego „src/main.cpp”)
  
C:\Users\erazer\Desktop\Project Grafika\grk\cw 8\src\project.hpp(99,10): warning C4305: "inicjowanie": obcięcie z "double" do "float"
  (kompilowanie pliku źródłowego „src/main.cpp”)
  
C:\Users\erazer\Desktop\Project Grafika\grk\cw 8\src\project.hpp(128,35): warning C4305: "=": obcięcie z "double" do "float"
  (kompilowanie pliku źródłowego „src/main.cpp”)
  
C:\Users\erazer\Desktop\Project Grafika\grk\cw 8\src\project.hpp(215,13): warning C4244: "inicjowanie": konwersja z "double" do "float", możliwa utrata danych
  (kompilowanie pliku źródłowego „src/main.cpp”)
  
C:\Users\erazer\Desktop\Project Grafika\grk\cw 8\src\project.hpp(226,151): warning C4305: "argument": obcięcie z "double" do "T"
C:\Users\erazer\Desktop\Project Grafika\grk\cw 8\src\project.hpp(226,151): warning C4305:         with
C:\Users\erazer\Desktop\Project Grafika\grk\cw 8\src\project.hpp(226,151): warning C4305:         [
C:\Users\erazer\Desktop\Project Grafika\grk\cw 8\src\project.hpp(226,151): warning C4305:             T=float
C:\Users\erazer\Desktop\Project Grafika\grk\cw 8\src\project.hpp(226,151): warning C4305:         ]
  (kompilowanie pliku źródłowego „src/main.cpp”)
  
C:\Users\erazer\Desktop\Project Grafika\grk\cw 8\src\project.hpp(271,50): warning C4267: "=": konwersja z "size_t" do "unsigned short", możliwa utrata danych
  (kompilowanie pliku źródłowego „src/main.cpp”)
  
C:\Users\erazer\Desktop\Project Grafika\grk\cw 8\src\project.hpp(357,17): warning C4305: "-=": obcięcie z "double" do "float"
  (kompilowanie pliku źródłowego „src/main.cpp”)
  
C:\Users\erazer\Desktop\Project Grafika\grk\cw 8\src\project.hpp(359,17): warning C4305: "+=": obcięcie z "double" do "float"
  (kompilowanie pliku źródłowego „src/main.cpp”)
  
Box.obj : warning LNK4075: zignorowano opcję „/EDITANDCONTINUE” z powodu określenia opcji „/INCREMENTAL:NO”
LINK : warning LNK4098: domyślna biblioteka „MSVCRT” powoduje konflikt z innymi bibliotekami; użyj opcji /NODEFAULTLIB:biblioteka
  grk-cw8.vcxproj -> C:\Users\erazer\Desktop\Project Grafika\grk\Debug\grk-cw8.exe
