C:\Program Files\Microsoft Visual Studio\2022\Community\MSBuild\Microsoft\VC\v170\Microsoft.CppBuild.targets(531,5): warning MSB8028: Katalog pośredni (Debug\) zawiera pliki udostępnione z innego projektu (grk-cw1.vcxproj). Może to spowodować niepoprawne zachowanie podczas oczyszczania i ponownej kompilacji.
  Box.cpp
  Camera.cpp
  main.cpp
C:\Program Files (x86)\Windows Kits\10\Include\10.0.22621.0\shared\minwindef.h(130,9): warning C4005: "APIENTRY": ponowna definicja makra
  (kompilowanie pliku źródłowego „src/main.cpp”)
      C:\Users\erazer\Desktop\Project Grafika\grk\dependencies\glfw-3.3.8.bin.WIN32\include\GLFW\glfw3.h(123,11):
      zobacz poprzednią definicję „APIENTRY”
  
C:\Users\erazer\Desktop\Project Grafika\grk\cw 1\src\project.hpp(29,16): warning C4244: "inicjowanie": konwersja z "double" do "float", możliwa utrata danych
  (kompilowanie pliku źródłowego „src/main.cpp”)
  
C:\Users\erazer\Desktop\Project Grafika\grk\cw 1\src\project.hpp(58,17): warning C4244: "=": konwersja z "double" do "T", możliwa utrata danych
C:\Users\erazer\Desktop\Project Grafika\grk\cw 1\src\project.hpp(58,17): warning C4244:         with
C:\Users\erazer\Desktop\Project Grafika\grk\cw 1\src\project.hpp(58,17): warning C4244:         [
C:\Users\erazer\Desktop\Project Grafika\grk\cw 1\src\project.hpp(58,17): warning C4244:             T=float
C:\Users\erazer\Desktop\Project Grafika\grk\cw 1\src\project.hpp(58,17): warning C4244:         ]
  (kompilowanie pliku źródłowego „src/main.cpp”)
  
C:\Users\erazer\Desktop\Project Grafika\grk\cw 1\src\project.hpp(59,17): warning C4244: "=": konwersja z "double" do "T", możliwa utrata danych
C:\Users\erazer\Desktop\Project Grafika\grk\cw 1\src\project.hpp(59,17): warning C4244:         with
C:\Users\erazer\Desktop\Project Grafika\grk\cw 1\src\project.hpp(59,17): warning C4244:         [
C:\Users\erazer\Desktop\Project Grafika\grk\cw 1\src\project.hpp(59,17): warning C4244:             T=float
C:\Users\erazer\Desktop\Project Grafika\grk\cw 1\src\project.hpp(59,17): warning C4244:         ]
  (kompilowanie pliku źródłowego „src/main.cpp”)
  
C:\Users\erazer\Desktop\Project Grafika\grk\cw 1\src\project.hpp(78,9): warning C4305: "inicjowanie": obcięcie z "double" do "float"
  (kompilowanie pliku źródłowego „src/main.cpp”)
  
C:\Users\erazer\Desktop\Project Grafika\grk\cw 1\src\project.hpp(78,14): warning C4305: "inicjowanie": obcięcie z "double" do "float"
  (kompilowanie pliku źródłowego „src/main.cpp”)
  
C:\Users\erazer\Desktop\Project Grafika\grk\cw 1\src\project.hpp(79,10): warning C4305: "inicjowanie": obcięcie z "double" do "float"
  (kompilowanie pliku źródłowego „src/main.cpp”)
  
C:\Users\erazer\Desktop\Project Grafika\grk\cw 1\src\project.hpp(79,14): warning C4305: "inicjowanie": obcięcie z "double" do "float"
  (kompilowanie pliku źródłowego „src/main.cpp”)
  
C:\Users\erazer\Desktop\Project Grafika\grk\cw 1\src\project.hpp(80,10): warning C4305: "inicjowanie": obcięcie z "double" do "float"
  (kompilowanie pliku źródłowego „src/main.cpp”)
  
C:\Users\erazer\Desktop\Project Grafika\grk\cw 1\src\project.hpp(80,15): warning C4305: "inicjowanie": obcięcie z "double" do "float"
  (kompilowanie pliku źródłowego „src/main.cpp”)
  
C:\Users\erazer\Desktop\Project Grafika\grk\cw 1\src\project.hpp(81,9): warning C4305: "inicjowanie": obcięcie z "double" do "float"
  (kompilowanie pliku źródłowego „src/main.cpp”)
  
C:\Users\erazer\Desktop\Project Grafika\grk\cw 1\src\project.hpp(81,15): warning C4305: "inicjowanie": obcięcie z "double" do "float"
  (kompilowanie pliku źródłowego „src/main.cpp”)
  
  Render_Utils.cpp
  Shader_Loader.cpp
  Generowanie kodu...
Box.obj : warning LNK4075: zignorowano opcję „/EDITANDCONTINUE” z powodu określenia opcji „/INCREMENTAL:NO”
LINK : warning LNK4098: domyślna biblioteka „MSVCRT” powoduje konflikt z innymi bibliotekami; użyj opcji /NODEFAULTLIB:biblioteka
  grk-cw1.vcxproj -> C:\Users\erazer\Desktop\Project Grafika\grk\Debug\Projekt.exe
